[2023-10-12 09:07:10] [WARNING]: 账号密码未配置, 将使用二维码登录. 
[2023-10-12 09:07:10] [WARNING]: no sign server configured 
[2023-10-12 09:07:10] [WARNING]: 警告: 未配置签名服务器或签名服务器不可用, 这可能会导致登录 45 错误码或发送消息被风控 
[2023-10-12 09:07:34] [WARNING]: Protocol -> device lock is disabled. HTTP API may fail. 
[2023-10-12 09:07:34] [ERROR]: Protocol -> parse incoming packet error: return code unsuccessful: -10004 
[2023-10-12 09:07:35] [ERROR]: Protocol -> parse incoming packet error: return code unsuccessful: -10004 
[2023-10-12 09:07:37] [ERROR]: Protocol -> parse incoming packet error: return code unsuccessful: -10004 
[2023-10-12 09:28:33] [WARNING]: no sign server configured 
[2023-10-12 09:28:33] [WARNING]: 警告: 未配置签名服务器或签名服务器不可用, 这可能会导致登录 45 错误码或发送消息被风控 
[2023-10-12 09:28:33] [WARNING]: Protocol -> device lock is disabled. HTTP API may fail. 
[2023-10-12 15:14:59] [WARNING]: no sign server configured 
[2023-10-12 15:14:59] [WARNING]: 警告: 未配置签名服务器或签名服务器不可用, 这可能会导致登录 45 错误码或发送消息被风控 
[2023-10-12 15:15:00] [WARNING]: Protocol -> device lock is disabled. HTTP API may fail. 
[2023-10-12 15:48:41] [WARNING]: no sign server configured 
[2023-10-12 15:48:41] [WARNING]: 警告: 未配置签名服务器或签名服务器不可用, 这可能会导致登录 45 错误码或发送消息被风控 
[2023-10-12 15:48:42] [WARNING]: Protocol -> device lock is disabled. HTTP API may fail. 
[2023-10-12 15:48:54] [WARNING]: 检查更新失败: Get "https://api.github.com/repos/Mrs4s/go-cqhttp/releases/latest": context deadline exceeded (Client.Timeout exceeded while awaiting headers) 
[2023-10-12 15:51:20] [WARNING]: no sign server configured 
[2023-10-12 15:51:20] [WARNING]: 警告: 未配置签名服务器或签名服务器不可用, 这可能会导致登录 45 错误码或发送消息被风控 
[2023-10-12 15:51:20] [WARNING]: 恢复会话失败: tlv: message too short , 尝试使用正常流程登录. 
[2023-10-12 15:51:48] [WARNING]: Protocol -> device lock is disabled. HTTP API may fail. 
[2023-10-12 15:51:48] [ERROR]: Protocol -> parse incoming packet error: return code unsuccessful: -10004 
[2023-10-12 15:52:48] [WARNING]: no sign server configured 
[2023-10-12 15:52:48] [WARNING]: 警告: 未配置签名服务器或签名服务器不可用, 这可能会导致登录 45 错误码或发送消息被风控 
[2023-10-12 15:52:49] [WARNING]: Protocol -> device lock is disabled. HTTP API may fail. 
[2023-10-12 15:56:13] [WARNING]: no sign server configured 
[2023-10-12 15:56:13] [WARNING]: 警告: 未配置签名服务器或签名服务器不可用, 这可能会导致登录 45 错误码或发送消息被风控 
[2023-10-12 15:56:13] [WARNING]: Protocol -> device lock is disabled. HTTP API may fail. 
[2023-10-12 16:35:34] [WARNING]: no sign server configured 
[2023-10-12 16:35:34] [WARNING]: 警告: 未配置签名服务器或签名服务器不可用, 这可能会导致登录 45 错误码或发送消息被风控 
[2023-10-12 16:35:35] [WARNING]: Protocol -> device lock is disabled. HTTP API may fail. 
[2023-10-12 16:37:14] [WARNING]: no sign server configured 
[2023-10-12 16:37:14] [WARNING]: 警告: 未配置签名服务器或签名服务器不可用, 这可能会导致登录 45 错误码或发送消息被风控 
[2023-10-12 16:37:14] [WARNING]: Protocol -> device lock is disabled. HTTP API may fail. 
[2023-10-12 16:37:44] [WARNING]: no sign server configured 
[2023-10-12 16:37:44] [WARNING]: 警告: 未配置签名服务器或签名服务器不可用, 这可能会导致登录 45 错误码或发送消息被风控 
[2023-10-12 16:37:45] [WARNING]: Protocol -> device lock is disabled. HTTP API may fail. 
